# JRE version: Java(TM) SE Runtime Environment (9.0+11) (build 9.0.4+11)
# Java VM: Java HotSpot(TM) 64-Bit Server VM (9.0.4+11, mixed mode, tiered, compressed oops, g1 gc, windows-amd64)
Heap:
 garbage-first heap   total 292864K, used 172150K [0x0000000700000000, 0x00000007001008f0, 0x00000007c0000000)
  region size 1024K, 36 young (36864K), 2 survivors (2048K)
 Metaspace       used 100055K, capacity 107665K, committed 107980K, reserved 1140736K
  class space    used 14910K, capacity 16212K, committed 16332K, reserved 1048576K
GC Heap History (10 events):
Event: 1527.708 GC heap before
{Heap before GC invocations=600 (full 4):
 garbage-first heap   total 292864K, used 195571K [0x0000000700000000, 0x00000007001008f0, 0x00000007c0000000)
  region size 1024K, 60 young (61440K), 3 survivors (3072K)
 Metaspace       used 99751K, capacity 107311K, committed 107596K, reserved 1140736K
  class space    used 14830K, capacity 16105K, committed 16204K, reserved 1048576K
}
Event: 1527.714 GC heap after
{Heap after GC invocations=601 (full 4):
 garbage-first heap   total 292864K, used 137234K [0x0000000700000000, 0x00000007001008f0, 0x00000007c0000000)
  region size 1024K, 3 young (3072K), 3 survivors (3072K)
 Metaspace       used 99751K, capacity 107311K, committed 107596K, reserved 1140736K
  class space    used 14830K, capacity 16105K, committed 16204K, reserved 1048576K
}
Event: 1528.517 GC heap before
{Heap before GC invocations=601 (full 4):
 garbage-first heap   total 292864K, used 195602K [0x0000000700000000, 0x00000007001008f0, 0x00000007c0000000)
  region size 1024K, 60 young (61440K), 3 survivors (3072K)
 Metaspace       used 100054K, capacity 107665K, committed 107980K, reserved 1140736K
  class space    used 14910K, capacity 16212K, committed 16332K, reserved 1048576K
}
Event: 1528.527 GC heap after
{Heap after GC invocations=602 (full 4):
 garbage-first heap   total 292864K, used 139645K [0x0000000700000000, 0x00000007001008f0, 0x00000007c0000000)
  region size 1024K, 5 young (5120K), 5 survivors (5120K)
 Metaspace       used 100054K, capacity 107665K, committed 107980K, reserved 1140736K
  class space    used 14910K, capacity 16212K, committed 16332K, reserved 1048576K
}
Event: 1528.704 GC heap before
{Heap before GC invocations=602 (full 4):
 garbage-first heap   total 292864K, used 195965K [0x0000000700000000, 0x00000007001008f0, 0x00000007c0000000)
  region size 1024K, 60 young (61440K), 5 survivors (5120K)
 Metaspace       used 100055K, capacity 107665K, committed 107980K, reserved 1140736K
  class space    used 14910K, capacity 16212K, committed 16332K, reserved 1048576K
}
Event: 1528.710 GC heap after
{Heap after GC invocations=603 (full 4):
 garbage-first heap   total 292864K, used 138380K [0x0000000700000000, 0x00000007001008f0, 0x00000007c0000000)
  region size 1024K, 3 young (3072K), 3 survivors (3072K)
 Metaspace       used 100055K, capacity 107665K, committed 107980K, reserved 1140736K
  class space    used 14910K, capacity 16212K, committed 16332K, reserved 1048576K
}
Event: 1528.859 GC heap before
{Heap before GC invocations=603 (full 4):
 garbage-first heap   total 292864K, used 196748K [0x0000000700000000, 0x00000007001008f0, 0x00000007c0000000)
  region size 1024K, 60 young (61440K), 3 survivors (3072K)
 Metaspace       used 100055K, capacity 107665K, committed 107980K, reserved 1140736K
  class space    used 14910K, capacity 16212K, committed 16332K, reserved 1048576K
}
Event: 1528.865 GC heap after
{Heap after GC invocations=604 (full 4):
 garbage-first heap   total 292864K, used 138375K [0x0000000700000000, 0x00000007001008f0, 0x00000007c0000000)
  region size 1024K, 2 young (2048K), 2 survivors (2048K)
 Metaspace       used 100055K, capacity 107665K, committed 107980K, reserved 1140736K
  class space    used 14910K, capacity 16212K, committed 16332K, reserved 1048576K
}
Event: 1528.999 GC heap before
{Heap before GC invocations=604 (full 4):
 garbage-first heap   total 292864K, used 197767K [0x0000000700000000, 0x00000007001008f0, 0x00000007c0000000)
  region size 1024K, 60 young (61440K), 2 survivors (2048K)
 Metaspace       used 100055K, capacity 107665K, committed 107980K, reserved 1140736K
  class space    used 14910K, capacity 16212K, committed 16332K, reserved 1048576K
}
Event: 1529.003 GC heap after
{Heap after GC invocations=605 (full 4):
 garbage-first heap   total 292864K, used 138358K [0x0000000700000000, 0x00000007001008f0, 0x00000007c0000000)
  region size 1024K, 2 young (2048K), 2 survivors (2048K)
 Metaspace       used 100055K, capacity 107665K, committed 107980K, reserved 1140736K
  class space    used 14910K, capacity 16212K, committed 16332K, reserved 1048576K
}

